<?xml version="1.0" encoding="UTF-8"?>
<!-- Generated by org.testng.reporters.JUnitReportReporter -->
<testsuite hostname="Aparna-PC" name="NewMain" tests="2" failures="0" timestamp="19 Jun 2017 12:24:08 GMT" time="0.022" errors="0">
  <testcase name="test1" time="0.020" classname="NewMain"/>
  <testcase name="test2" time="0.002" classname="NewMain"/>
</testsuite> <!-- NewMain -->
